[LOG] System::create                           : Header version = 1.08.02. Current version = 1.08.02.
[LOG] SystemI::init                            : FMOD Studio Version: 00010802 (74770)
[LOG] SystemI::init                            : maxchannels = 256, flags = 00020000, extradriverdata = 0000000000000000
[LOG] SystemI::close                           : 
[LOG] SystemI::close                           : Stop all sounds
[LOG] SystemI::close                           : done.

[LOG] OutputWASAPI::init                       : Mix Format (WAVEFORMATEX): wFormatTag=0xFFFE, nChannels=2, nSamplesPerSec=48000, nAvgBytesPerSec=384000, nBlockAlign=8, wBitsPerSample=32, cbSize=22.
[LOG] OutputWASAPI::init                       : Mix Format (WAVEFORMATEXTENSIBLE): wValidBitsPerSample=32, dwChannelMask=0x00000003, SubFormat=00000003-0000-0010-8000-00AA00389B71.
[LOG] OutputWASAPI::init                       : Output buffer size: 4096 samples, latency: 0.00ms, period: 10.00ms, DSP buffer: 1024 * 4
[LOG] Thread::initThread                       : Initializing FMOD mixer thread.  priority 3
[LOG] Thread::initThread                       : - Stacksize 49152.  Stack pointer 0000000000000000 : usesemaphore = 0 : sleeptime = 0
[LOG] Thread::callback                         : * FMOD mixer thread started
[LOG] SystemI::init                            : Set up emulated output
[LOG] SystemI::init                            : create the channel pool
[LOG] Thread::initThread                       : Initializing FMOD stream thread.  priority 2
[LOG] Thread::initThread                       : - Stacksize 65536.  Stack pointer 0000000000000000 : usesemaphore = 0 : sleeptime = 10
[LOG] Thread::callback                         : * FMOD stream thread started
[LOG] Thread::initThread                       : Initializing FMOD Studio sample load thread.  priority 0
[LOG] Thread::initThread                       : - Stacksize 65536.  Stack pointer 0000000000000000 : usesemaphore = 0 : sleeptime = 1
[LOG] Thread::callback                         : * FMOD Studio sample load thread started
[LOG] Thread::initThread                       : Initializing FMOD Studio bank load thread.  priority 0
[LOG] Thread::initThread                       : - Stacksize 65536.  Stack pointer 0000000000000000 : usesemaphore = 0 : sleeptime = 1
[LOG] Thread::callback                         : * FMOD Studio bank load thread started
[LOG] Manager::readBank                        : fileversion = 74, compatVersion = 70 (oldest = 44, newest = 74)
[LOG] PlaybackSystem::acquireMasterBus         : Setting master channel group format to 6
[LOG] Manager::readBank                        : fileversion = 74, compatVersion = 70 (oldest = 44, newest = 74)
[LOG] Manager::finishLoadBank                  : Bank with guid {8a8e60f8-4057-46e3-bdf5-e9a7fded58b4} has already been loaded[LOG] SystemI::createSoundInternal             : filename =  : mode 0a000202
[LOG] SystemI::createSoundInternal             : exinfo->cbsize             = 232
[LOG] SystemI::createSoundInternal             : exinfo->length             = 8439648
[LOG] SystemI::createSoundInternal             : exinfo->fileoffset         = 121632
[LOG] SystemI::createSoundInternal             : exinfo->numsubsounds       = 1
[LOG] SystemI::createSoundInternal             : exinfo->inclusionlist      = 000000000A41FB48
[LOG] SystemI::createSoundInternal             : exinfo->inclusionlistnum   = 1
[LOG] SystemI::createSoundInternal             : exinfo->suggestedsoundtype = 5
[LOG] SystemI::createSoundInternal             : exinfo->useropen           = 00007FFBB91E2E20
[LOG] SystemI::createSoundInternal             : exinfo->userclose          = 00007FFBB91E2DF0
[LOG] SystemI::createSoundInternal             : exinfo->userread           = 00007FFBB91E2F00
[LOG] SystemI::createSoundInternal             : exinfo->userseek           = 00007FFBB91E2FB0
[LOG] SystemI::createSoundInternal             : exinfo->fileuserdata       = 0000000052D707C8
[LOG] SystemI::createSoundInternal             : exinfo->initialseekpostype = 1
[LOG] SystemI::createSoundInternal             : Format has 1 subsounds.
[LOG] SystemI::createSoundInternal             : Create as FMOD_CREATESAMPLE
[LOG] SystemI::createSoundInternal             : Multi-sample sound (1 subsounds), create a sample container.
[LOG] SystemI::createSoundInternal             : creating subsound 0/1
[LOG] SystemI::createSample                    : mode 0a000202 length 519105 samples, lengthbytes 147552
[LOG] SystemI::createSample                    : channels = 2
[LOG] SystemI::createSample                    : output = 000000000CFFBE68
[LOG] OutputSoftware::createSample             : lengthpcm 519105, lengthbytes 147552, channels 2, format 2, freq 48000, mode 0a00020a
[LOG] SystemI::createSoundInternal             : done.  OpenState now = FMOD_OPENSTATE_READY.

[LOG] SystemI::createSoundInternal             : filename =  : mode 0a000202
[LOG] SystemI::createSoundInternal             : exinfo->cbsize             = 232
[LOG] SystemI::createSoundInternal             : exinfo->length             = 8439648
[LOG] SystemI::createSoundInternal             : exinfo->fileoffset         = 121632
[LOG] SystemI::createSoundInternal             : exinfo->numsubsounds       = 1
[LOG] SystemI::createSoundInternal             : exinfo->inclusionlist      = 000000000A41FB48
[LOG] SystemI::createSoundInternal             : exinfo->inclusionlistnum   = 1
[LOG] SystemI::createSoundInternal             : exinfo->suggestedsoundtype = 5
[LOG] SystemI::createSoundInternal             : exinfo->useropen           = 00007FFBB91E2E20
[LOG] SystemI::createSoundInternal             : exinfo->userclose          = 00007FFBB91E2DF0
[LOG] SystemI::createSoundInternal             : exinfo->userread           = 00007FFBB91E2F00
[LOG] SystemI::createSoundInternal             : exinfo->userseek           = 00007FFBB91E2FB0
[LOG] SystemI::createSoundInternal             : exinfo->fileuserdata       = 0000000052D707C8
[LOG] SystemI::createSoundInternal             : exinfo->initialseekpostype = 1
[LOG] SystemI::createSoundInternal             : Format has 1 subsounds.
[LOG] SystemI::createSoundInternal             : Create as FMOD_CREATESAMPLE
[LOG] SystemI::createSoundInternal             : Multi-sample sound (1 subsounds), create a sample container.
[LOG] SystemI::createSoundInternal             : creating subsound 0/1
[LOG] SystemI::createSample                    : mode 0a000202 length 307400 samples, lengthbytes 64160
[LOG] SystemI::createSample                    : channels = 2
[LOG] SystemI::createSample                    : output = 000000000CFFBE68
[LOG] OutputSoftware::createSample             : lengthpcm 307400, lengthbytes 64160, channels 2, format 2, freq 48000, mode 0a00020a
[LOG] SystemI::createSoundInternal             : done.  OpenState now = FMOD_OPENSTATE_READY.

[LOG] SystemI::createSoundInternal             : filename =  : mode 0a000202
[LOG] SystemI::createSoundInternal             : exinfo->cbsize             = 232
[LOG] SystemI::createSoundInternal             : exinfo->length             = 8439648
[LOG] SystemI::createSoundInternal             : exinfo->fileoffset         = 121632
[LOG] SystemI::createSoundInternal             : exinfo->numsubsounds       = 1
[LOG] SystemI::createSoundInternal             : exinfo->inclusionlist      = 000000000A41FB48
[LOG] SystemI::createSoundInternal             : exinfo->inclusionlistnum   = 1
[LOG] SystemI::createSoundInternal             : exinfo->suggestedsoundtype = 5
[LOG] SystemI::createSoundInternal             : exinfo->useropen           = 00007FFBB91E2E20
[LOG] SystemI::createSoundInternal             : exinfo->userclose          = 00007FFBB91E2DF0
[LOG] SystemI::createSoundInternal             : exinfo->userread           = 00007FFBB91E2F00
[LOG] SystemI::createSoundInternal             : exinfo->userseek           = 00007FFBB91E2FB0
[LOG] SystemI::createSoundInternal             : exinfo->fileuserdata       = 0000000052D707C8
[LOG] SystemI::createSoundInternal             : exinfo->initialseekpostype = 1
[LOG] SystemI::createSoundInternal             : Format has 1 subsounds.
[LOG] SystemI::createSoundInternal             : Create as FMOD_CREATESAMPLE
[LOG] SystemI::createSoundInternal             : Multi-sample sound (1 subsounds), create a sample container.
[LOG] SystemI::createSoundInternal             : creating subsound 0/1
[LOG] SystemI::createSample                    : mode 0a000202 length 461400 samples, lengthbytes 128000
[LOG] SystemI::createSample                    : channels = 2
[LOG] SystemI::createSample                    : output = 000000000CFFBE68
[LOG] OutputSoftware::createSample             : lengthpcm 461400, lengthbytes 128000, channels 2, format 2, freq 48000, mode 0a00020a
[LOG] SystemI::createSoundInternal             : done.  OpenState now = FMOD_OPENSTATE_READY.

[LOG] SystemI::createSoundInternal             : filename =  : mode 0a000202
[LOG] SystemI::createSoundInternal             : exinfo->cbsize             = 232
[LOG] SystemI::createSoundInternal             : exinfo->length             = 8439648
[LOG] SystemI::createSoundInternal             : exinfo->fileoffset         = 121632
[LOG] SystemI::createSoundInternal             : exinfo->numsubsounds       = 1
[LOG] SystemI::createSoundInternal             : exinfo->inclusionlist      = 000000000A41FB48
[LOG] SystemI::createSoundInternal             : exinfo->inclusionlistnum   = 1
[LOG] SystemI::createSoundInternal             : exinfo->suggestedsoundtype = 5
[LOG] SystemI::createSoundInternal             : exinfo->useropen           = 00007FFBB91E2E20
[LOG] SystemI::createSoundInternal             : exinfo->userclose          = 00007FFBB91E2DF0
[LOG] SystemI::createSoundInternal             : exinfo->userread           = 00007FFBB91E2F00
[LOG] SystemI::createSoundInternal             : exinfo->userseek           = 00007FFBB91E2FB0
[LOG] SystemI::createSoundInternal             : exinfo->fileuserdata       = 0000000052D707C8
[LOG] SystemI::createSoundInternal             : exinfo->initialseekpostype = 1
[LOG] SystemI::createSoundInternal             : Format has 1 subsounds.
[LOG] SystemI::createSoundInternal             : Create as FMOD_CREATESAMPLE
[LOG] SystemI::createSoundInternal             : Multi-sample sound (1 subsounds), create a sample container.
[LOG] SystemI::createSoundInternal             : creating subsound 0/1
[LOG] SystemI::createSample                    : mode 0a000202 length 691800 samples, lengthbytes 175072
[LOG] SystemI::createSample                    : channels = 2
[LOG] SystemI::createSample                    : output = 000000000CFFBE68
[LOG] OutputSoftware::createSample             : lengthpcm 691800, lengthbytes 175072, channels 2, format 2, freq 48000, mode 0a00020a
[LOG] SystemI::createSoundInternal             : done.  OpenState now = FMOD_OPENSTATE_READY.

[LOG] SystemI::createSoundInternal             : filename =  : mode 0a000202
[LOG] SystemI::createSoundInternal             : exinfo->cbsize             = 232
[LOG] SystemI::createSoundInternal             : exinfo->length             = 8439648
[LOG] SystemI::createSoundInternal             : exinfo->fileoffset         = 121632
[LOG] SystemI::createSoundInternal             : exinfo->numsubsounds       = 1
[LOG] SystemI::createSoundInternal             : exinfo->inclusionlist      = 000000000A41FB48
[LOG] SystemI::createSoundInternal             : exinfo->inclusionlistnum   = 1
[LOG] SystemI::createSoundInternal             : exinfo->suggestedsoundtype = 5
[LOG] SystemI::createSoundInternal             : exinfo->useropen           = 00007FFBB91E2E20
[LOG] SystemI::createSoundInternal             : exinfo->userclose          = 00007FFBB91E2DF0
[LOG] SystemI::createSoundInternal             : exinfo->userread           = 00007FFBB91E2F00
[LOG] SystemI::createSoundInternal             : exinfo->userseek           = 00007FFBB91E2FB0
[LOG] SystemI::createSoundInternal             : exinfo->fileuserdata       = 0000000052D707C8
[LOG] SystemI::createSoundInternal             : exinfo->initialseekpostype = 1
[LOG] SystemI::createSoundInternal             : Format has 1 subsounds.
[LOG] SystemI::createSoundInternal             : Create as FMOD_CREATESAMPLE
[LOG] SystemI::createSoundInternal             : Multi-sample sound (1 subsounds), create a sample container.
[LOG] SystemI::createSoundInternal             : creating subsound 0/1
[LOG] SystemI::createSample                    : mode 0a000202 length 1075400 samples, lengthbytes 242656
[LOG] SystemI::createSample                    : channels = 2
[LOG] SystemI::createSample                    : output = 000000000CFFBE68
[LOG] OutputSoftware::createSample             : lengthpcm 1075400, lengthbytes 242656, channels 2, format 2, freq 48000, mode 0a00020a
[LOG] SystemI::createSoundInternal             : done.  OpenState now = FMOD_OPENSTATE_READY.

[LOG] SystemI::createSoundInternal             : filename =  : mode 0a000202
[LOG] SystemI::createSoundInternal             : exinfo->cbsize             = 232
[LOG] SystemI::createSoundInternal             : exinfo->length             = 8439648
[LOG] SystemI::createSoundInternal             : exinfo->fileoffset         = 121632
[LOG] SystemI::createSoundInternal             : exinfo->numsubsounds       = 1
[LOG] SystemI::createSoundInternal             : exinfo->inclusionlist      = 000000000A41FB48
[LOG] SystemI::createSoundInternal             : exinfo->inclusionlistnum   = 1
[LOG] SystemI::createSoundInternal             : exinfo->suggestedsoundtype = 5
[LOG] SystemI::createSoundInternal             : exinfo->useropen           = 00007FFBB91E2E20
[LOG] SystemI::createSoundInternal             : exinfo->userclose          = 00007FFBB91E2DF0
[LOG] SystemI::createSoundInternal             : exinfo->userread           = 00007FFBB91E2F00
[LOG] SystemI::createSoundInternal             : exinfo->userseek           = 00007FFBB91E2FB0
[LOG] SystemI::createSoundInternal             : exinfo->fileuserdata       = 0000000052D707C8
[LOG] SystemI::createSoundInternal             : exinfo->initialseekpostype = 1
[LOG] SystemI::createSoundInternal             : Format has 1 subsounds.
[LOG] SystemI::createSoundInternal             : Create as FMOD_CREATESAMPLE
[LOG] SystemI::createSoundInternal             : Multi-sample sound (1 subsounds), create a sample container.
[LOG] SystemI::createSoundInternal             : creating subsound 0/1
[LOG] SystemI::createSample                    : mode 0a000202 length 1541015 samples, lengthbytes 339328
[LOG] SystemI::createSample                    : channels = 2
[LOG] SystemI::createSample                    : output = 000000000CFFBE68
[LOG] OutputSoftware::createSample             : lengthpcm 1541015, lengthbytes 339328, channels 2, format 2, freq 48000, mode 0a00020a
[LOG] SystemI::createSoundInternal             : done.  OpenState now = FMOD_OPENSTATE_READY.

[LOG] SystemI::createSoundInternal             : filename =  : mode 0a000202
[LOG] SystemI::createSoundInternal             : exinfo->cbsize             = 232
[LOG] SystemI::createSoundInternal             : exinfo->length             = 8439648
[LOG] SystemI::createSoundInternal             : exinfo->fileoffset         = 121632
[LOG] SystemI::createSoundInternal             : exinfo->numsubsounds       = 1
[LOG] SystemI::createSoundInternal             : exinfo->inclusionlist      = 000000000A41FB48
[LOG] SystemI::createSoundInternal             : exinfo->inclusionlistnum   = 1
[LOG] SystemI::createSoundInternal             : exinfo->suggestedsoundtype = 5
[LOG] SystemI::createSoundInternal             : exinfo->useropen           = 00007FFBB91E2E20
[LOG] SystemI::createSoundInternal             : exinfo->userclose          = 00007FFBB91E2DF0
[LOG] SystemI::createSoundInternal             : exinfo->userread           = 00007FFBB91E2F00
[LOG] SystemI::createSoundInternal             : exinfo->userseek           = 00007FFBB91E2FB0
[LOG] SystemI::createSoundInternal             : exinfo->fileuserdata       = 0000000052D707C8
[LOG] SystemI::createSoundInternal             : exinfo->initialseekpostype = 1
[LOG] SystemI::createSoundInternal             : Format has 1 subsounds.
[LOG] SystemI::createSoundInternal             : Create as FMOD_CREATESAMPLE
[LOG] SystemI::createSoundInternal             : Multi-sample sound (1 subsounds), create a sample container.
[LOG] SystemI::createSoundInternal             : creating subsound 0/1
[LOG] SystemI::createSample                    : mode 0a000202 length 4283200 samples, lengthbytes 979168
[LOG] SystemI::createSample                    : channels = 2
[LOG] SystemI::createSample                    : output = 000000000CFFBE68
[LOG] OutputSoftware::createSample             : lengthpcm 4283200, lengthbytes 979168, channels 2, format 2, freq 48000, mode 0a00020a
[LOG] SystemI::createSoundInternal             : done.  OpenState now = FMOD_OPENSTATE_READY.

[LOG] SystemI::createSoundInternal             : filename =  : mode 0a000202
[LOG] SystemI::createSoundInternal             : exinfo->cbsize             = 232
[LOG] SystemI::createSoundInternal             : exinfo->length             = 8439648
[LOG] SystemI::createSoundInternal             : exinfo->fileoffset         = 121632
[LOG] SystemI::createSoundInternal             : exinfo->numsubsounds       = 1
[LOG] SystemI::createSoundInternal             : exinfo->inclusionlist      = 000000000A41FB48
[LOG] SystemI::createSoundInternal             : exinfo->inclusionlistnum   = 1
[LOG] SystemI::createSoundInternal             : exinfo->suggestedsoundtype = 5
[LOG] SystemI::createSoundInternal             : exinfo->useropen           = 00007FFBB91E2E20
[LOG] SystemI::createSoundInternal             : exinfo->userclose          = 00007FFBB91E2DF0
[LOG] SystemI::createSoundInternal             : exinfo->userread           = 00007FFBB91E2F00
[LOG] SystemI::createSoundInternal             : exinfo->userseek           = 00007FFBB91E2FB0
[LOG] SystemI::createSoundInternal             : exinfo->fileuserdata       = 0000000052D707C8
[LOG] SystemI::createSoundInternal             : exinfo->initialseekpostype = 1
[LOG] SystemI::createSoundInternal             : Format has 1 subsounds.
[LOG] SystemI::createSoundInternal             : Create as FMOD_CREATESAMPLE
[LOG] SystemI::createSoundInternal             : Multi-sample sound (1 subsounds), create a sample container.
[LOG] SystemI::createSoundInternal             : creating subsound 0/1
[LOG] SystemI::createSample                    : mode 0a000202 length 614600 samples, lengthbytes 148704
[LOG] SystemI::createSample                    : channels = 2
[LOG] SystemI::createSample                    : output = 000000000CFFBE68
[LOG] OutputSoftware::createSample             : lengthpcm 614600, lengthbytes 148704, channels 2, format 2, freq 48000, mode 0a00020a
[LOG] SystemI::createSoundInternal             : done.  OpenState now = FMOD_OPENSTATE_READY.

[LOG] SystemI::createSoundInternal             : filename =  : mode 0a000202
[LOG] SystemI::createSoundInternal             : exinfo->cbsize             = 232
[LOG] SystemI::createSoundInternal             : exinfo->length             = 8439648
[LOG] SystemI::createSoundInternal             : exinfo->fileoffset         = 121632
[LOG] SystemI::createSoundInternal             : exinfo->numsubsounds       = 1
[LOG] SystemI::createSoundInternal             : exinfo->inclusionlist      = 000000000A41FB48
[LOG] SystemI::createSoundInternal             : exinfo->inclusionlistnum   = 1
[LOG] SystemI::createSoundInternal             : exinfo->suggestedsoundtype = 5
[LOG] SystemI::createSoundInternal             : exinfo->useropen           = 00007FFBB91E2E20
[LOG] SystemI::createSoundInternal             : exinfo->userclose          = 00007FFBB91E2DF0
[LOG] SystemI::createSoundInternal             : exinfo->userread           = 00007FFBB91E2F00
[LOG] SystemI::createSoundInternal             : exinfo->userseek           = 00007FFBB91E2FB0
[LOG] SystemI::createSoundInternal             : exinfo->fileuserdata       = 0000000052D707C8
[LOG] SystemI::createSoundInternal             : exinfo->initialseekpostype = 1
[LOG] SystemI::createSoundInternal             : Format has 1 subsounds.
[LOG] SystemI::createSoundInternal             : Create as FMOD_CREATESAMPLE
[LOG] SystemI::createSoundInternal             : Multi-sample sound (1 subsounds), create a sample container.
[LOG] SystemI::createSoundInternal             : creating subsound 0/1
[LOG] SystemI::createSample                    : mode 0a000202 length 584306 samples, lengthbytes 159520
[LOG] SystemI::createSample                    : channels = 2
[LOG] SystemI::createSample                    : output = 000000000CFFBE68
[LOG] OutputSoftware::createSample             : lengthpcm 584306, lengthbytes 159520, channels 2, format 2, freq 48000, mode 0a00020a
[LOG] SystemI::createSoundInternal             : done.  OpenState now = FMOD_OPENSTATE_READY.

[LOG] SystemI::createSoundInternal             : filename =  : mode 0a000202
[LOG] SystemI::createSoundInternal             : exinfo->cbsize             = 232
[LOG] SystemI::createSoundInternal             : exinfo->length             = 8439648
[LOG] SystemI::createSoundInternal             : exinfo->fileoffset         = 121632
[LOG] SystemI::createSoundInternal             : exinfo->numsubsounds       = 1
[LOG] SystemI::createSoundInternal             : exinfo->inclusionlist      = 000000000A41FB48
[LOG] SystemI::createSoundInternal             : exinfo->inclusionlistnum   = 1
[LOG] SystemI::createSoundInternal             : exinfo->suggestedsoundtype = 5
[LOG] SystemI::createSoundInternal             : exinfo->useropen           = 00007FFBB91E2E20
[LOG] SystemI::createSoundInternal             : exinfo->userclose          = 00007FFBB91E2DF0
[LOG] SystemI::createSoundInternal             : exinfo->userread           = 00007FFBB91E2F00
[LOG] SystemI::createSoundInternal             : exinfo->userseek           = 00007FFBB91E2FB0
[LOG] SystemI::createSoundInternal             : exinfo->fileuserdata       = 0000000052D707C8
[LOG] SystemI::createSoundInternal             : exinfo->initialseekpostype = 1
[LOG] SystemI::createSoundInternal             : Format has 1 subsounds.
[LOG] SystemI::createSoundInternal             : Create as FMOD_CREATESAMPLE
[LOG] SystemI::createSoundInternal             : Multi-sample sound (1 subsounds), create a sample container.
[LOG] SystemI::createSoundInternal             : creating subsound 0/1
[LOG] SystemI::createSample                    : mode 0a000202 length 398733 samples, lengthbytes 102752
[LOG] SystemI::createSample                    : channels = 2
[LOG] SystemI::createSample                    : output = 000000000CFFBE68
[LOG] OutputSoftware::createSample             : lengthpcm 398733, lengthbytes 102752, channels 2, format 2, freq 48000, mode 0a00020a
[LOG] SystemI::createSoundInternal             : done.  OpenState now = FMOD_OPENSTATE_READY.

[LOG] SystemI::createSoundInternal             : filename =  : mode 0a000202
[LOG] SystemI::createSoundInternal             : exinfo->cbsize             = 232
[LOG] SystemI::createSoundInternal             : exinfo->length             = 8439648
[LOG] SystemI::createSoundInternal             : exinfo->fileoffset         = 121632
[LOG] SystemI::createSoundInternal             : exinfo->numsubsounds       = 1
[LOG] SystemI::createSoundInternal             : exinfo->inclusionlist      = 000000000A41FB48
[LOG] SystemI::createSoundInternal             : exinfo->inclusionlistnum   = 1
[LOG] SystemI::createSoundInternal             : exinfo->suggestedsoundtype = 5
[LOG] SystemI::createSoundInternal             : exinfo->useropen           = 00007FFBB91E2E20
[LOG] SystemI::createSoundInternal             : exinfo->userclose          = 00007FFBB91E2DF0
[LOG] SystemI::createSoundInternal             : exinfo->userread           = 00007FFBB91E2F00
[LOG] SystemI::createSoundInternal             : exinfo->userseek           = 00007FFBB91E2FB0
[LOG] SystemI::createSoundInternal             : exinfo->fileuserdata       = 0000000052D707C8
[LOG] SystemI::createSoundInternal             : exinfo->initialseekpostype = 1
[LOG] SystemI::createSoundInternal             : Format has 1 subsounds.
[LOG] SystemI::createSoundInternal             : Create as FMOD_CREATESAMPLE
[LOG] SystemI::createSoundInternal             : Multi-sample sound (1 subsounds), create a sample container.
[LOG] SystemI::createSoundInternal             : creating subsound 0/1
[LOG] SystemI::createSample                    : mode 0a000202 length 1152200 samples, lengthbytes 213792
[LOG] SystemI::createSample                    : channels = 2
[LOG] SystemI::createSample                    : output = 000000000CFFBE68
[LOG] OutputSoftware::createSample             : lengthpcm 1152200, lengthbytes 213792, channels 2, format 2, freq 48000, mode 0a00020a
[LOG] SystemI::createSoundInternal             : done.  OpenState now = FMOD_OPENSTATE_READY.

[WRN] EventInstance::update                    : Event {1b240b7a-75db-4cd5-a349-9b889e58b4e7} waited 140 milliseconds for sample data to load.  Preload sample data to avoid this delay.
[LOG] SystemI::createSound                     : filename = Assets\Audio\werewolf\Build\Desktop\Master Bank.bank : mode 0a010082
[LOG] SystemI::createSound                     : FMOD_NONBLOCKING specified.  Putting into queue to be opened asynchronously!
[LOG] Thread::initThread                       : Initializing FMOD nonblocking thread (0).  priority 1
[LOG] Thread::initThread                       : - Stacksize 81920.  Stack pointer 0000000000000000 : usesemaphore = 1 : sleeptime = 0
[LOG] Thread::callback                         : * FMOD nonblocking thread (0) started
[LOG] SystemI::createSound                     : setdata soundi = 000000001F71D218 : node = 0000000023D17980
[LOG] SystemI::createSound                     : add node to async list : head = 000000000CFE6C10.  list count = 0
[LOG] AsyncThread::threadFunc                  : Starting Asynchronous operation on sound 000000001F71D218
[LOG] SystemI::createSoundInternal             :     filename = Assets\Audio\werewolf\Build\Desktop\Master Bank.bank : mode 0a010082
[LOG] SystemI::createSoundInternal             :     exinfo->cbsize             = 232
[LOG] SystemI::createSoundInternal             :     exinfo->length             = 8439648
[LOG] SystemI::createSoundInternal             :     exinfo->fileoffset         = 121632
[LOG] SystemI::createSoundInternal             :     exinfo->numsubsounds       = 1
[LOG] SystemI::createSoundInternal             :     exinfo->inclusionlist      = 0000000023D17A98
[LOG] SystemI::createSoundInternal             :     exinfo->inclusionlistnum   = 1
[LOG] SystemI::createSoundInternal             :     exinfo->suggestedsoundtype = 5
[LOG] SystemI::createSoundInternal             :     exinfo->initialseekpostype = 1
[LOG] SystemI::createSoundInternal             :     Format has 1 subsounds.
[LOG] SystemI::createSoundInternal             :     Create as FMOD_CREATESTREAM
[LOG] System::createSoundInternal              :     decode buffersize = 19200 : blocksize = 256 : format = 2
[LOG] SystemI::createSample                    :     mode 0a010082 length 19200 samples, lengthbytes 2231648
[LOG] SystemI::createSample                    :     channels = 2
[LOG] SystemI::createSample                    :     output = 000000000CFFBE68
[LOG] OutputSoftware::createSample             :     lengthpcm 19200, lengthbytes 2231648, channels 2, format 2, freq 48000, mode 0a01008a
[LOG] System::createSoundInternal              :     1 subsounds detected.
[LOG] System::createSoundInternal              :     Seek stream to start
[LOG] System::createSoundInternal              :     flush stream buffer
[LOG] System::createSoundInternal              :     flush successful.
[LOG] System::createSoundInternal              :     switch file handle from small blocking single buffered to large nonblocking doublebuffered.
[LOG] Thread::initThread                       :         Initializing FMOD file thread.  priority 1
[LOG] Thread::initThread                       :         - Stacksize 16384.  Stack pointer 0000000000000000 : usesemaphore = 0 : sleeptime = 10
[LOG] Thread::callback                         :         * FMOD file thread started
[LOG] SystemI::createSoundInternal             :     done.  OpenState now = FMOD_OPENSTATE_READY.

[LOG] AsyncThread::threadFunc                  : Finished Asynchronous operation on sound 000000001F71D218
[LOG] SoundI::getSubSound                      : sound 000000001F71D218.  Subsound index 0 / 1
[LOG] SoundI::release                          : (null) (000000002372A428)
[LOG] SoundI::release                          : release subsounds. (000000002372A428)
[LOG] SoundI::release                          :     (null) (0000000052C42068)
[LOG] SoundI::release                          : release codec. (000000002372A428)
[LOG] SoundI::release                          : (null) (000000002372A878)
[LOG] SoundI::release                          : release subsounds. (000000002372A878)
[LOG] SoundI::release                          :     (null) (000000001065C088)
[LOG] SoundI::release                          : release codec. (000000002372A878)
[LOG] SoundI::release                          : (null) (0000000052B7E588)
[LOG] SoundI::release                          : release subsounds. (0000000052B7E588)
[LOG] SoundI::release                          :     (null) (0000000052C42388)
[LOG] SoundI::release                          : release codec. (0000000052B7E588)
[LOG] SoundI::release                          : (null) (000000002372BB28)
[LOG] SoundI::release                          : release subsounds. (000000002372BB28)
[LOG] SoundI::release                          :     (null) (0000000052C41578)
[LOG] SoundI::release                          : release codec. (000000002372BB28)
[LOG] SoundI::release                          : (null) (0000000052B7D5B8)
[LOG] SoundI::release                          : release subsounds. (0000000052B7D5B8)
[LOG] SoundI::release                          :     (null) (0000000052C426A8)
[LOG] SoundI::release                          : release codec. (0000000052B7D5B8)
[LOG] SoundI::release                          : (null) (000000002372B848)
[LOG] SoundI::release                          : release subsounds. (000000002372B848)
[LOG] SoundI::release                          :     (null) (000000001065BEF8)
[LOG] SoundI::release                          : release codec. (000000002372B848)
[LOG] SoundI::release                          : (null) (000000002372A9E8)
[LOG] SoundI::release                          : release subsounds. (000000002372A9E8)
[LOG] SoundI::release                          :     (null) (0000000052C413E8)
[LOG] SoundI::release                          : release codec. (000000002372A9E8)
[LOG] SoundI::release                          : (null) (000000002372C0E8)
[LOG] SoundI::release                          : release subsounds. (000000002372C0E8)
[LOG] SoundI::release                          :     (null) (0000000052C41ED8)
[LOG] SoundI::release                          : release codec. (000000002372C0E8)
[LOG] SoundI::release                          : (null) (000000002372C258)
[LOG] SoundI::release                          : release subsounds. (000000002372C258)
[LOG] SoundI::release                          :     (null) (0000000052C41898)
[LOG] SoundI::release                          : release codec. (000000002372C258)
[LOG] SoundI::release                          : (null) (000000002372A598)
[LOG] SoundI::release                          : release subsounds. (000000002372A598)
[LOG] SoundI::release                          :     (null) (0000000052C421F8)
[LOG] SoundI::release                          : release codec. (000000002372A598)
[LOG] SoundI::release                          : (null) (000000001F71D218)
[LOG] SoundI::release                          : remove stream samples. (000000001F71D218)
[LOG] SoundI::release                          :     (null) (0000000052C42E78)
[LOG] SoundI::release                          : release subsounds. (000000001F71D218)
[LOG] SoundI::release                          :     (null) (000000001F71D3B8)
[LOG] SoundI::release                          : release codec. (000000001F71D218)
[LOG] SoundI::release                          : (null) (000000002372AB58)
[LOG] SoundI::release                          : release subsounds. (000000002372AB58)
[LOG] SoundI::release                          :     (null) (0000000052C42518)
[LOG] SoundI::release                          : release codec. (000000002372AB58)
[LOG] Thread::callback                         : * FMOD Studio bank load thread finished
[LOG] Thread::close                            : FMOD Studio bank load thread thread destroyed
[LOG] Thread::callback                         : * FMOD Studio sample load thread finished
[LOG] Thread::close                            : FMOD Studio sample load thread thread destroyed
[LOG] LiveUpdate::release                      : 
[LOG] SystemI::close                           : 
[LOG] SystemI::close                           : Stop all sounds
[LOG] Thread::callback                         : * FMOD stream thread finished
[LOG] Thread::close                            : FMOD stream thread thread destroyed
[LOG] SystemI::close                           : Stream thread destroyed
[LOG] Thread::callback                         : * FMOD mixer thread finished
[LOG] Thread::close                            : FMOD mixer thread thread destroyed
[LOG] SystemI::close                           : Free master channel group.
[LOG] SystemI::close                           : Remove 'master' sound group.
[LOG] SystemI::close                           : Free software output.
[LOG] SystemI::close                           : Free emulated output.
[LOG] SystemI::close                           : Free channel pool.
[LOG] Thread::callback                         : * FMOD nonblocking thread (0) finished
[LOG] Thread::close                            : FMOD nonblocking thread (0) thread destroyed
[LOG] Thread::callback                         : * FMOD file thread finished
[LOG] Thread::close                            : FMOD file thread thread destroyed
[LOG] SystemI::close                           : done.

[LOG] System::create                           : Header version = 1.08.02. Current version = 1.08.02.
